
====================================================
==== System Health Report: 2025-06-13_05-29-27 =====
====================================================


--- Memory Usage ---
               total        used        free      shared  buff/cache   available
Mem:           9.6Gi       404Mi       9.1Gi       6.0Mi       141Mi       9.0Gi
Swap:          3.0Gi          0B       3.0Gi


--- Disk Usage ---
/dev/sdc       1007G  1.7G  954G   1% /


--- System Uptime ---
up 1 day, 18 hours, 15 minutes


---- Top 5 Processess by CPU ----
18373    tkdev      0.3      command
1        root       0.0      command
2        root       0.0      command
6        root       0.0      command
172      root       0.0      command


--- Disk Space Alerts (10%) ---
Warning: Partition /usr/lib/wsl/drivers is 60% Full.
Warning: Partition /mnt/c is 60% Full.


==== END OF REPORT=====


